[eucharistia:31122] mca: base: component_find: unable to open /usr/lib64/openmpi/lib/openmpi/mca_btl_ofud: perhaps a missing symbol, or compiled for a different version of Open MPI? (ignored)
[eucharistia:31122] mca: base: component_find: unable to open /usr/lib64/openmpi/lib/openmpi/mca_btl_openib: perhaps a missing symbol, or compiled for a different version of Open MPI? (ignored)
p=(-8.7626e+29,-8.7626e+29,-8.7626e+29) v=(-8.7626e+27,-8.7626e+27,-8.7626e+27) m= 8.8977e+29
p=( 1.4562e+30, 1.4562e+30, 1.4562e+30) v=( 1.4562e+28, 1.4562e+28, 1.4562e+28) m= 8.4936e+29
p=( 1.6130e+30, 1.6130e+30, 1.6130e+30) v=( 1.6130e+28, 1.6130e+28, 1.6130e+28) m= 7.7195e+29
p=(-1.0167e+30,-1.0167e+30,-1.0167e+30) v=(-1.0167e+28,-1.0167e+28,-1.0167e+28) m= 5.3265e+29
p=( 1.4944e+30, 1.4944e+30, 1.4944e+30) v=( 1.4944e+28, 1.4944e+28, 1.4944e+28) m= 5.8209e+29
p=( 1.7858e+29, 1.7858e+29, 1.7858e+29) v=( 1.7858e+27, 1.7858e+27, 1.7858e+27) m= 5.2903e+29
p=( 8.5376e+28, 8.5376e+28, 8.5376e+28) v=( 8.5376e+26, 8.5376e+26, 8.5376e+26) m= 4.6464e+29
p=( 1.7205e+29, 1.7205e+29, 1.7205e+29) v=( 1.7205e+27, 1.7205e+27, 1.7205e+27) m= 9.1429e+28
p=( 6.1501e+29, 6.1501e+29, 6.1501e+29) v=( 6.1501e+27, 6.1501e+27, 6.1501e+27) m= 2.2858e+29
p=(-1.4198e+30,-1.4198e+30,-1.4198e+30) v=(-1.4198e+28,-1.4198e+28,-1.4198e+28) m= 5.3178e+29
p=( 7.9943e+29, 7.9943e+29, 7.9943e+29) v=( 7.9943e+27, 7.9943e+27, 7.9943e+27) m= 7.2575e+29
p=( 1.8326e+30, 1.8326e+30, 1.8326e+30) v=( 1.8326e+28, 1.8326e+28, 1.8326e+28) m= 4.3857e+29
p=(-1.9088e+30,-1.9088e+30,-1.9088e+30) v=(-1.9088e+28,-1.9088e+28,-1.9088e+28) m= 9.3923e+29
p=(-1.5059e+27,-1.5059e+27,-1.5059e+27) v=(-1.5059e+25,-1.5059e+25,-1.5059e+25) m= 8.1510e+27
p=(-3.6198e+29,-3.6198e+29,-3.6198e+29) v=(-3.6198e+27,-3.6198e+27,-3.6198e+27) m= 5.6119e+29
p=(-1.4300e+30,-1.4300e+30,-1.4300e+30) v=(-1.4300e+28,-1.4300e+28,-1.4300e+28) m= 9.5141e+29
p=(-5.1821e+29,-5.1821e+29,-5.1821e+29) v=(-5.1821e+27,-5.1821e+27,-5.1821e+27) m= 4.9292e+29
p=(-1.2194e+30,-1.2194e+30,-1.2194e+30) v=(-1.2194e+28,-1.2194e+28,-1.2194e+28) m= 2.9376e+29
p=( 2.7164e+28, 2.7164e+28, 2.7164e+28) v=( 2.7164e+26, 2.7164e+26, 2.7164e+26) m= 9.4700e+27
p=(-9.5408e+30,-9.5408e+30,-9.5408e+30) v=(-9.5408e+28,-9.5408e+28,-9.5408e+28) m= 3.9929e+29
p=(-3.2957e+29,-3.2957e+29,-3.2957e+29) v=(-3.2957e+27,-3.2957e+27,-3.2957e+27) m= 2.9694e+29
p=(-7.1266e+30,-7.1266e+30,-7.1266e+30) v=(-7.1266e+28,-7.1266e+28,-7.1266e+28) m= 7.1863e+29
p=(-6.2794e+29,-6.2794e+29,-6.2794e+29) v=(-6.2794e+27,-6.2794e+27,-6.2794e+27) m= 6.9282e+29
p=( 8.0909e+29, 8.0909e+29, 8.0909e+29) v=( 8.0909e+27, 8.0909e+27, 8.0909e+27) m= 8.5377e+28
p=( 2.1831e+29, 2.1831e+29, 2.1831e+29) v=( 2.1831e+27, 2.1831e+27, 2.1831e+27) m= 2.3778e+29
p=(-6.5132e+28,-6.5132e+28,-6.5132e+28) v=(-6.5132e+26,-6.5132e+26,-6.5132e+26) m= 8.6757e+29
p=( 2.5934e+29, 2.5934e+29, 2.5934e+29) v=( 2.5934e+27, 2.5934e+27, 2.5934e+27) m= 8.2055e+28
p=(-4.2441e+30,-4.2441e+30,-4.2441e+30) v=(-4.2441e+28,-4.2441e+28,-4.2441e+28) m= 9.1793e+29
p=(-2.1702e+29,-2.1702e+29,-2.1702e+29) v=(-2.1702e+27,-2.1702e+27,-2.1702e+27) m= 8.8049e+29
p=( 3.7103e+28, 3.7103e+28, 3.7103e+28) v=( 3.7103e+26, 3.7103e+26, 3.7103e+26) m= 6.1078e+28
p=(-1.6540e+30,-1.6540e+30,-1.6540e+30) v=(-1.6540e+28,-1.6540e+28,-1.6540e+28) m= 5.5709e+29
p=( 2.1344e+30, 2.1344e+30, 2.1344e+30) v=( 2.1344e+28, 2.1344e+28, 2.1344e+28) m= 8.0568e+29
p=(-5.6023e+28,-5.6023e+28,-5.6023e+28) v=(-5.6023e+26,-5.6023e+26,-5.6023e+26) m= 7.2348e+29
p=( 1.0870e+29, 1.0870e+29, 1.0870e+29) v=( 1.0870e+27, 1.0870e+27, 1.0870e+27) m= 7.6252e+28
p=( 1.6895e+30, 1.6895e+30, 1.6895e+30) v=( 1.6895e+28, 1.6895e+28, 1.6895e+28) m= 5.9526e+29
p=( 1.8239e+28, 1.8239e+28, 1.8239e+28) v=( 1.8239e+26, 1.8239e+26, 1.8239e+26) m= 2.1745e+28
p=(-4.9867e+28,-4.9867e+28,-4.9867e+28) v=(-4.9867e+26,-4.9867e+26,-4.9867e+26) m= 4.6579e+29
p=( 9.5976e+29, 9.5976e+29, 9.5976e+29) v=( 9.5976e+27, 9.5976e+27, 9.5976e+27) m= 3.7732e+29
p=(-6.7141e+29,-6.7141e+29,-6.7141e+29) v=(-6.7141e+27,-6.7141e+27,-6.7141e+27) m= 6.6940e+29
p=(-1.3904e+31,-1.3904e+31,-1.3904e+31) v=(-1.3904e+29,-1.3904e+29,-1.3904e+29) m= 4.3060e+29
p=( 4.6965e+29, 4.6965e+29, 4.6965e+29) v=( 4.6965e+27, 4.6965e+27, 4.6965e+27) m= 4.9399e+29
p=( 2.4254e+31, 2.4254e+31, 2.4254e+31) v=( 2.4254e+29, 2.4254e+29, 2.4254e+29) m= 3.7529e+29
p=( 1.8780e+30, 1.8780e+30, 1.8780e+30) v=( 1.8780e+28, 1.8780e+28, 1.8780e+28) m= 6.8774e+29
p=(-2.5646e+29,-2.5646e+29,-2.5646e+29) v=(-2.5646e+27,-2.5646e+27,-2.5646e+27) m= 7.2277e+29
p=( 9.5073e+29, 9.5073e+29, 9.5073e+29) v=( 9.5073e+27, 9.5073e+27, 9.5073e+27) m= 4.5556e+28
p=( 3.4561e+29, 3.4561e+29, 3.4561e+29) v=( 3.4561e+27, 3.4561e+27, 3.4561e+27) m= 4.8618e+29
p=( 4.3801e+27, 4.3801e+27, 4.3801e+27) v=( 4.3801e+25, 4.3801e+25, 4.3801e+25) m= 5.7589e+28
p=(-4.5619e+29,-4.5619e+29,-4.5619e+29) v=(-4.5619e+27,-4.5619e+27,-4.5619e+27) m= 5.1579e+28
p=( 4.3165e+29, 4.3165e+29, 4.3165e+29) v=( 4.3165e+27, 4.3165e+27, 4.3165e+27) m= 7.5595e+29
p=(-4.6497e+27,-4.6497e+27,-4.6497e+27) v=(-4.6497e+25,-4.6497e+25,-4.6497e+25) m= 7.5211e+27
p=( 9.2585e+29, 9.2585e+29, 9.2585e+29) v=( 9.2585e+27, 9.2585e+27, 9.2585e+27) m= 7.0497e+29
p=( 6.9579e+29, 6.9579e+29, 6.9579e+29) v=( 6.9579e+27, 6.9579e+27, 6.9579e+27) m= 7.1668e+29
p=( 3.0193e+30, 3.0193e+30, 3.0193e+30) v=( 3.0193e+28, 3.0193e+28, 3.0193e+28) m= 5.4627e+29
p=( 5.5937e+28, 5.5937e+28, 5.5937e+28) v=( 5.5937e+26, 5.5937e+26, 5.5937e+26) m= 8.2512e+28
p=(-1.5731e+30,-1.5731e+30,-1.5731e+30) v=(-1.5731e+28,-1.5731e+28,-1.5731e+28) m= 6.3211e+29
p=( 3.0825e+30, 3.0825e+30, 3.0825e+30) v=( 3.0825e+28, 3.0825e+28, 3.0825e+28) m= 7.8876e+29
p=( 4.2637e+28, 4.2637e+28, 4.2637e+28) v=( 4.2637e+26, 4.2637e+26, 4.2637e+26) m= 5.8566e+28
p=( 1.7096e+29, 1.7096e+29, 1.7096e+29) v=( 1.7096e+27, 1.7096e+27, 1.7096e+27) m= 2.7140e+29
p=(-1.2946e+30,-1.2946e+30,-1.2946e+30) v=(-1.2946e+28,-1.2946e+28,-1.2946e+28) m= 8.4487e+29
p=(-1.4326e+29,-1.4326e+29,-1.4326e+29) v=(-1.4326e+27,-1.4326e+27,-1.4326e+27) m= 8.1999e+29
p=( 1.0647e+29, 1.0647e+29, 1.0647e+29) v=( 1.0647e+27, 1.0647e+27, 1.0647e+27) m= 9.5910e+28
p=( 7.3376e+29, 7.3376e+29, 7.3376e+29) v=( 7.3376e+27, 7.3376e+27, 7.3376e+27) m= 4.9965e+29
p=(-7.6525e+29,-7.6525e+29,-7.6525e+29) v=(-7.6525e+27,-7.6525e+27,-7.6525e+27) m= 7.3213e+29
p=( 5.7615e+28, 5.7615e+28, 5.7615e+28) v=( 5.7615e+26, 5.7615e+26, 5.7615e+26) m= 3.4793e+28
