[eucharistia:31154] mca: base: component_find: unable to open /usr/lib64/openmpi/lib/openmpi/mca_btl_ofud: perhaps a missing symbol, or compiled for a different version of Open MPI? (ignored)
[eucharistia:31154] mca: base: component_find: unable to open /usr/lib64/openmpi/lib/openmpi/mca_btl_openib: perhaps a missing symbol, or compiled for a different version of Open MPI? (ignored)
p=(-4.3857e+35,-4.3857e+35,-4.3857e+35) v=(-8.7626e+30,-8.7626e+30,-8.7626e+30) m= 8.8977e+29
p=( 7.2885e+35, 7.2885e+35, 7.2885e+35) v=( 1.4562e+31, 1.4562e+31, 1.4562e+31) m= 8.4936e+29
p=( 8.0732e+35, 8.0732e+35, 8.0732e+35) v=( 1.6130e+31, 1.6130e+31, 1.6130e+31) m= 7.7195e+29
p=(-5.0886e+35,-5.0886e+35,-5.0886e+35) v=(-1.0167e+31,-1.0167e+31,-1.0167e+31) m= 5.3265e+29
p=( 7.4792e+35, 7.4792e+35, 7.4792e+35) v=( 1.4944e+31, 1.4944e+31, 1.4944e+31) m= 5.8209e+29
p=( 8.9381e+34, 8.9381e+34, 8.9381e+34) v=( 1.7858e+30, 1.7858e+30, 1.7858e+30) m= 5.2903e+29
p=( 4.2731e+34, 4.2731e+34, 4.2731e+34) v=( 8.5376e+29, 8.5376e+29, 8.5376e+29) m= 4.6464e+29
p=( 8.6113e+34, 8.6113e+34, 8.6113e+34) v=( 1.7205e+30, 1.7205e+30, 1.7205e+30) m= 9.1429e+28
p=( 3.0781e+35, 3.0781e+35, 3.0781e+35) v=( 6.1501e+30, 6.1501e+30, 6.1501e+30) m= 2.2858e+29
p=(-7.1061e+35,-7.1061e+35,-7.1061e+35) v=(-1.4198e+31,-1.4198e+31,-1.4198e+31) m= 5.3178e+29
p=( 4.0012e+35, 4.0012e+35, 4.0012e+35) v=( 7.9943e+30, 7.9943e+30, 7.9943e+30) m= 7.2575e+29
p=( 9.1720e+35, 9.1720e+35, 9.1720e+35) v=( 1.8326e+31, 1.8326e+31, 1.8326e+31) m= 4.3857e+29
p=(-9.5536e+35,-9.5536e+35,-9.5536e+35) v=(-1.9088e+31,-1.9088e+31,-1.9088e+31) m= 9.3923e+29
p=(-7.5372e+32,-7.5372e+32,-7.5372e+32) v=(-1.5059e+28,-1.5059e+28,-1.5059e+28) m= 8.1510e+27
p=(-1.8117e+35,-1.8117e+35,-1.8117e+35) v=(-3.6198e+30,-3.6198e+30,-3.6198e+30) m= 5.6119e+29
p=(-7.1570e+35,-7.1570e+35,-7.1570e+35) v=(-1.4300e+31,-1.4300e+31,-1.4300e+31) m= 9.5141e+29
p=(-2.5937e+35,-2.5937e+35,-2.5937e+35) v=(-5.1821e+30,-5.1821e+30,-5.1821e+30) m= 4.9292e+29
p=(-6.1029e+35,-6.1029e+35,-6.1029e+35) v=(-1.2194e+31,-1.2194e+31,-1.2194e+31) m= 2.9376e+29
p=( 1.3596e+34, 1.3596e+34, 1.3596e+34) v=( 2.7164e+29, 2.7164e+29, 2.7164e+29) m= 9.4700e+27
p=(-4.7752e+36,-4.7752e+36,-4.7752e+36) v=(-9.5408e+31,-9.5408e+31,-9.5408e+31) m= 3.9929e+29
p=(-1.6495e+35,-1.6495e+35,-1.6495e+35) v=(-3.2957e+30,-3.2957e+30,-3.2957e+30) m= 2.9694e+29
p=(-3.5669e+36,-3.5669e+36,-3.5669e+36) v=(-7.1266e+31,-7.1266e+31,-7.1266e+31) m= 7.1863e+29
p=(-3.1428e+35,-3.1428e+35,-3.1428e+35) v=(-6.2794e+30,-6.2794e+30,-6.2794e+30) m= 6.9282e+29
p=( 4.0495e+35, 4.0495e+35, 4.0495e+35) v=( 8.0909e+30, 8.0909e+30, 8.0909e+30) m= 8.5377e+28
p=( 1.0926e+35, 1.0926e+35, 1.0926e+35) v=( 2.1831e+30, 2.1831e+30, 2.1831e+30) m= 2.3778e+29
p=(-3.2599e+34,-3.2599e+34,-3.2599e+34) v=(-6.5132e+29,-6.5132e+29,-6.5132e+29) m= 8.6757e+29
p=( 1.2980e+35, 1.2980e+35, 1.2980e+35) v=( 2.5934e+30, 2.5934e+30, 2.5934e+30) m= 8.2055e+28
p=(-2.1242e+36,-2.1242e+36,-2.1242e+36) v=(-4.2441e+31,-4.2441e+31,-4.2441e+31) m= 9.1793e+29
p=(-1.0862e+35,-1.0862e+35,-1.0862e+35) v=(-2.1702e+30,-2.1702e+30,-2.1702e+30) m= 8.8049e+29
p=( 1.8570e+34, 1.8570e+34, 1.8570e+34) v=( 3.7103e+29, 3.7103e+29, 3.7103e+29) m= 6.1078e+28
p=(-8.2782e+35,-8.2782e+35,-8.2782e+35) v=(-1.6540e+31,-1.6540e+31,-1.6540e+31) m= 5.5709e+29
p=( 1.0683e+36, 1.0683e+36, 1.0683e+36) v=( 2.1344e+31, 2.1344e+31, 2.1344e+31) m= 8.0568e+29
p=(-2.8039e+34,-2.8039e+34,-2.8039e+34) v=(-5.6023e+29,-5.6023e+29,-5.6023e+29) m= 7.2348e+29
p=( 5.4406e+34, 5.4406e+34, 5.4406e+34) v=( 1.0870e+30, 1.0870e+30, 1.0870e+30) m= 7.6252e+28
p=( 8.4558e+35, 8.4558e+35, 8.4558e+35) v=( 1.6895e+31, 1.6895e+31, 1.6895e+31) m= 5.9526e+29
p=( 9.1288e+33, 9.1288e+33, 9.1288e+33) v=( 1.8239e+29, 1.8239e+29, 1.8239e+29) m= 2.1745e+28
p=(-2.4959e+34,-2.4959e+34,-2.4959e+34) v=(-4.9867e+29,-4.9867e+29,-4.9867e+29) m= 4.6579e+29
p=( 4.8036e+35, 4.8036e+35, 4.8036e+35) v=( 9.5976e+30, 9.5976e+30, 9.5976e+30) m= 3.7732e+29
p=(-3.3604e+35,-3.3604e+35,-3.3604e+35) v=(-6.7141e+30,-6.7141e+30,-6.7141e+30) m= 6.6940e+29
p=(-6.9591e+36,-6.9591e+36,-6.9591e+36) v=(-1.3904e+32,-1.3904e+32,-1.3904e+32) m= 4.3060e+29
p=( 2.3506e+35, 2.3506e+35, 2.3506e+35) v=( 4.6965e+30, 4.6965e+30, 4.6965e+30) m= 4.9399e+29
p=( 1.2139e+37, 1.2139e+37, 1.2139e+37) v=( 2.4254e+32, 2.4254e+32, 2.4254e+32) m= 3.7529e+29
p=( 9.3993e+35, 9.3993e+35, 9.3993e+35) v=( 1.8780e+31, 1.8780e+31, 1.8780e+31) m= 6.8774e+29
p=(-1.2836e+35,-1.2836e+35,-1.2836e+35) v=(-2.5646e+30,-2.5646e+30,-2.5646e+30) m= 7.2277e+29
p=( 4.7584e+35, 4.7584e+35, 4.7584e+35) v=( 9.5073e+30, 9.5073e+30, 9.5073e+30) m= 4.5556e+28
p=( 1.7298e+35, 1.7298e+35, 1.7298e+35) v=( 3.4561e+30, 3.4561e+30, 3.4561e+30) m= 4.8618e+29
p=( 2.1922e+33, 2.1922e+33, 2.1922e+33) v=( 4.3801e+28, 4.3801e+28, 4.3801e+28) m= 5.7589e+28
p=(-2.2832e+35,-2.2832e+35,-2.2832e+35) v=(-4.5619e+30,-4.5619e+30,-4.5619e+30) m= 5.1579e+28
p=( 2.1604e+35, 2.1604e+35, 2.1604e+35) v=( 4.3165e+30, 4.3165e+30, 4.3165e+30) m= 7.5595e+29
p=(-2.3272e+33,-2.3272e+33,-2.3272e+33) v=(-4.6497e+28,-4.6497e+28,-4.6497e+28) m= 7.5211e+27
p=( 4.6339e+35, 4.6339e+35, 4.6339e+35) v=( 9.2585e+30, 9.2585e+30, 9.2585e+30) m= 7.0497e+29
p=( 3.4824e+35, 3.4824e+35, 3.4824e+35) v=( 6.9579e+30, 6.9579e+30, 6.9579e+30) m= 7.1668e+29
p=( 1.5111e+36, 1.5111e+36, 1.5111e+36) v=( 3.0193e+31, 3.0193e+31, 3.0193e+31) m= 5.4627e+29
p=( 2.7997e+34, 2.7997e+34, 2.7997e+34) v=( 5.5937e+29, 5.5937e+29, 5.5937e+29) m= 8.2512e+28
p=(-7.8733e+35,-7.8733e+35,-7.8733e+35) v=(-1.5731e+31,-1.5731e+31,-1.5731e+31) m= 6.3211e+29
p=( 1.5428e+36, 1.5428e+36, 1.5428e+36) v=( 3.0825e+31, 3.0825e+31, 3.0825e+31) m= 7.8876e+29
p=( 2.1340e+34, 2.1340e+34, 2.1340e+34) v=( 4.2637e+29, 4.2637e+29, 4.2637e+29) m= 5.8566e+28
p=( 8.5564e+34, 8.5564e+34, 8.5564e+34) v=( 1.7096e+30, 1.7096e+30, 1.7096e+30) m= 2.7140e+29
p=(-6.4793e+35,-6.4793e+35,-6.4793e+35) v=(-1.2946e+31,-1.2946e+31,-1.2946e+31) m= 8.4487e+29
p=(-7.1704e+34,-7.1704e+34,-7.1704e+34) v=(-1.4326e+30,-1.4326e+30,-1.4326e+30) m= 8.1999e+29
p=( 5.3288e+34, 5.3288e+34, 5.3288e+34) v=( 1.0647e+30, 1.0647e+30, 1.0647e+30) m= 9.5910e+28
p=( 3.6725e+35, 3.6725e+35, 3.6725e+35) v=( 7.3376e+30, 7.3376e+30, 7.3376e+30) m= 4.9965e+29
p=(-3.8301e+35,-3.8301e+35,-3.8301e+35) v=(-7.6525e+30,-7.6525e+30,-7.6525e+30) m= 7.3213e+29
p=( 2.8836e+34, 2.8836e+34, 2.8836e+34) v=( 5.7615e+29, 5.7615e+29, 5.7615e+29) m= 3.4793e+28
